2025-01-01 hotfix applied [1]
2025-01-01 stabilize build [2]
2025-01-01 improve security [3]
2025-01-01 update comments [4]
2025-01-01 fix misconfiguration [5]
2025-01-01 better error handling [6]
2025-01-01 refactor tests [7]
2025-01-01 improve caching [8]
2025-01-01 rollback changes [9]
2025-01-01 reduce complexity [10]
2025-01-01 update dependencies [11]
2025-01-01 update roadmap [12]
2025-01-01 security patch [13]
2025-01-01 improve security [14]
2025-01-01 stabilize build [15]
2025-01-01 add tests [16]
2025-01-01 upgrade dependencies [17]
2025-01-01 improve caching [18]
2025-01-01 improve UX [19]
2025-01-01 better error handling [20]
2025-01-01 add example file [21]
2025-01-01 update roadmap [22]
2025-01-01 restructure modules [23]
2025-01-01 update configs for prod [24]
2025-01-01 hotfix applied [25]
2025-01-01 adjust error messages [26]
2025-01-01 update schema migration [27]
2025-01-01 typo fix [28]
2025-01-01 better error handling [29]
2025-01-01 update configs for prod [30]
2025-01-01 adjust validation rules [31]
2025-01-02 reduce complexity [1]
2025-01-02 remove legacy code [2]
2025-01-02 cleanup dependencies [3]
2025-01-02 fix type error [4]
2025-01-02 update workflow [5]
2025-01-02 add comments [6]
2025-01-02 small refactor [7]
2025-01-02 remove legacy code [8]
2025-01-02 fix type error [9]
2025-01-02 rollback changes [10]
2025-01-02 merge branch [11]
2025-01-02 update API endpoints [12]
2025-01-02 improve performance [13]
2025-01-02 update API docs [14]
2025-01-02 update API docs [15]
2025-01-02 fix bug [16]
2025-01-02 fix permission issue [17]
2025-01-02 add comments [18]
2025-01-02 update constants [19]
2025-01-02 fix encoding issue [20]
2025-01-02 stabilize build [21]
2025-01-02 add integration tests [22]
2025-01-02 add example file [23]
2025-01-02 improve UX [24]
2025-01-02 better defaults [25]
2025-01-02 update database schema [26]
2025-01-02 optimize function [27]
2025-01-02 patch vulnerability [28]
2025-01-02 add tests [29]
2025-01-02 update CI pipeline [30]
2025-01-02 improve performance [31]
2025-01-02 enhance logging [32]
2025-01-02 clean project structure [33]
2025-01-02 update database schema [34]
2025-01-02 fix misconfiguration [35]
2025-01-02 tweak configs [36]
2025-01-02 update constants [37]
2025-01-02 fix config bug [38]
2025-01-02 patch memory leak [39]
2025-01-02 update dependencies [40]
2025-01-02 reduce complexity [41]
2025-01-02 fix edge case [42]
2025-01-02 cleanup dependencies [43]
2025-01-02 UI improvements [44]
2025-01-02 fix warnings [45]
2025-01-02 reformat code [46]
2025-01-02 remove legacy code [47]
2025-01-02 update README [48]
2025-01-02 remove unused code [49]
2025-01-03 update gitignore [1]
2025-01-03 experimental changes [2]
2025-01-03 improve logging format [3]
2025-01-03 simplify logic [4]
2025-01-03 update workflow [5]
2025-01-03 security patch [6]
2025-01-03 adjust validation rules [7]
2025-01-03 improve security [8]
2025-01-03 update README [9]
2025-01-03 update roadmap [10]
2025-01-03 update gitignore [11]
2025-01-03 improve UX [12]
2025-01-03 update scripts [13]
2025-01-03 remove unused code [14]
2025-01-03 fix typo in code [15]
2025-01-03 adjust error messages [16]
2025-01-03 reformat code [17]
2025-01-03 add comments [18]
2025-01-03 update version [19]
2025-01-03 fix warnings [20]
2025-01-03 add sample data [21]
2025-01-03 enhance error reporting [22]
2025-01-03 improve security [23]
2025-01-03 initial commit [24]
2025-01-03 fix build error [25]
2025-01-03 security patch [26]
2025-01-03 update feature [27]
2025-01-03 remove unused code [28]
2025-01-03 add sample data [29]
2025-01-03 patch memory leak [30]
2025-01-03 update CI pipeline [31]
2025-01-03 update docs with examples [32]
2025-01-03 optimize function [33]
2025-01-03 improve caching [34]
2025-01-03 fix crash issue [35]
2025-01-03 add unit tests [36]
2025-01-03 reformat code [37]
2025-01-03 simplify logic [38]
2025-01-03 patch memory leak [39]
2025-01-03 update deployment script [40]
2025-01-03 update API keys [41]
2025-01-03 add tests [42]
2025-01-03 adjust validation rules [43]
2025-01-03 fix config bug [44]
2025-01-03 update workflow [45]
2025-01-03 clean project structure [46]
2025-01-03 small refactor [47]
2025-01-03 update docs with examples [48]
2025-01-03 remove test code [49]
2025-01-04 add logging [1]
2025-01-04 fix warnings [2]
2025-01-04 update roadmap [3]
2025-01-04 update docs with examples [4]
2025-01-04 add logging [5]
2025-01-04 hotfix applied [6]
2025-01-04 add sample data [7]
2025-01-04 update roadmap [8]
2025-01-04 rebuild project [9]
2025-01-04 fix null pointer [10]
2025-01-04 add fallback [11]
2025-01-04 reorganize files [12]
2025-01-04 UI improvements [13]
2025-01-04 reformat code [14]
2025-01-04 merge branch [15]
2025-01-04 update deployment script [16]
2025-01-04 remove deprecated code [17]
2025-01-04 rollback changes [18]
2025-01-04 fix config bug [19]
2025-01-04 update README [20]
2025-01-04 improve logging format [21]
2025-01-05 enhance logging [1]
2025-01-05 fix encoding issue [2]
2025-01-05 add integration tests [3]
2025-01-05 fix broken link [4]
2025-01-05 fix type error [5]
2025-01-05 fix CI errors [6]
2025-01-05 better error handling [7]
2025-01-05 update build script [8]
2025-01-05 fix permission issue [9]
2025-01-05 merge branch [10]
2025-01-05 reorganize files [11]
2025-01-05 enhance logging [12]
2025-01-05 update CI pipeline [13]
2025-01-05 improve logging format [14]
2025-01-05 fix encoding issue [15]
2025-01-05 update API endpoints [16]
2025-01-05 fix misconfiguration [17]
2025-01-05 fix config bug [18]
2025-01-05 fix edge case [19]
2025-01-05 fix misconfiguration [20]
2025-01-05 enhance logging [21]
2025-01-05 fix broken link [22]
2025-01-06 optimize queries [1]
2025-01-06 refactor code [2]
2025-01-06 fix misconfiguration [3]
2025-01-06 fix encoding issue [4]
2025-01-06 add sample data [5]
2025-01-06 remove legacy code [6]
2025-01-06 upgrade dependencies [7]
2025-01-06 add integration tests [8]
2025-01-06 tweak configs [9]
2025-01-06 fix encoding issue [10]
2025-01-06 fix bug [11]
2025-01-06 fix crash issue [12]
2025-01-06 initial commit [13]
2025-01-06 update database schema [14]
2025-01-06 add integration tests [15]
2025-01-06 adjust validation rules [16]
2025-01-06 hotfix applied [17]
2025-01-06 experimental changes [18]
2025-01-06 update docs with examples [19]
2025-01-06 enhance logging [20]
2025-01-06 small refactor [21]
2025-01-06 fix crash issue [22]
2025-01-06 patch vulnerability [23]
2025-01-06 minor refactor [24]
2025-01-06 update docs with examples [25]
2025-01-06 add sample data [26]
2025-01-06 remove deprecated code [27]
2025-01-07 update documentation [1]
2025-01-07 minor refactor [2]
2025-01-07 upgrade dependencies [3]
2025-01-07 remove deprecated code [4]
2025-01-07 adjust validation rules [5]
2025-01-07 add sample data [6]
2025-01-07 add tests [7]
2025-01-07 fix warnings [8]
2025-01-07 add fallback [9]
2025-01-07 update database schema [10]
2025-01-07 update version [11]
2025-01-07 update build script [12]
2025-01-07 improve logging format [13]
2025-01-07 cleanup code [14]
2025-01-07 fix UI alignment [15]
2025-01-07 update API docs [16]
2025-01-07 update gitignore [17]
2025-01-07 update configs for prod [18]
2025-01-07 fix config bug [19]
2025-01-07 upgrade dependencies [20]
2025-01-07 fix type error [21]
2025-01-07 fix broken link [22]
2025-01-07 enhance logging [23]
2025-01-07 UI improvements [24]
2025-01-07 add tests [25]
2025-01-07 adjust validation rules [26]
2025-01-07 minor refactor [27]
2025-01-07 fix warnings [28]
2025-01-07 minor changes [29]
2025-01-07 update constants [30]
2025-01-07 minor refactor [31]
2025-01-07 small refactor [32]
2025-01-07 update API keys [33]
2025-01-07 add tests [34]
2025-01-07 adjust timeout [35]
2025-01-07 update gitignore [36]
2025-01-07 improve maintainability [37]
2025-01-07 restructure project [38]
2025-01-07 patch memory leak [39]
2025-01-07 add tests [40]
2025-01-07 enhance logging [41]
2025-01-07 small refactor [42]
2025-01-07 update gitignore [43]
2025-01-07 update headers [44]
2025-01-07 fix null pointer [45]
2025-01-07 update headers [46]
2025-01-07 fix type error [47]
2025-01-07 fix misconfiguration [48]
2025-01-07 fix build error [49]
2025-01-08 tweak configs [1]
2025-01-08 fix async issue [2]
2025-01-08 update LICENSE [3]
2025-01-08 fix edge case [4]
2025-01-08 fix type error [5]
2025-01-08 refactor tests [6]
2025-01-08 enhance logging [7]
2025-01-08 patch vulnerability [8]
2025-01-08 fix CI errors [9]
2025-01-08 optimize function [10]
2025-01-08 stabilize build [11]
2025-01-08 fix async issue [12]
2025-01-08 fix edge case [13]
2025-01-08 update docs with examples [14]
2025-01-08 typo fix [15]
2025-01-08 update configs [16]
2025-01-08 hotfix applied [17]
2025-01-08 adjust error messages [18]
2025-01-08 update LICENSE [19]
2025-01-08 stabilize build [20]
2025-01-08 remove deprecated code [21]
2025-01-08 change configuration [22]
2025-01-08 fix async issue [23]
2025-01-08 merge branch [24]
2025-01-08 minor changes [25]
2025-01-08 rollback changes [26]
2025-01-08 fix crash issue [27]
2025-01-08 fix build error [28]
2025-01-09 remove test code [1]
2025-01-09 improve security [2]
2025-01-09 update gitignore [3]
2025-01-09 remove deprecated code [4]
2025-01-09 hotfix applied [5]
2025-01-09 update deployment script [6]
2025-01-09 upgrade dependencies [7]
2025-01-09 fix encoding issue [8]
2025-01-09 add TODOs [9]
2025-01-09 update API docs [10]
2025-01-09 better error handling [11]
2025-01-09 add fallback [12]
2025-01-09 minor refactor [13]
2025-01-09 fix build error [14]
2025-01-09 fix docker build [15]
2025-01-09 fix UI alignment [16]
2025-01-09 fix misconfiguration [17]
2025-01-09 fix edge case [18]
2025-01-09 update constants [19]
2025-01-09 remove test code [20]
2025-01-09 typo fix [21]
2025-01-09 fix broken link [22]
2025-01-09 improve security [23]
2025-01-09 add integration tests [24]
2025-01-10 add TODOs [1]
2025-01-10 update configs for prod [2]
2025-01-10 update roadmap [3]
2025-01-10 improve security [4]
2025-01-10 update CI pipeline [5]
2025-01-10 improve UX [6]
2025-01-10 refactor tests [7]
2025-01-10 add helper function [8]
2025-01-10 hotfix applied [9]
2025-01-10 update docs with examples [10]
2025-01-10 reorganize files [11]
2025-01-10 remove deprecated code [12]
2025-01-10 update roadmap [13]
2025-01-10 fix timezone issue [14]
2025-01-10 enhance logging [15]
2025-01-10 add integration tests [16]
2025-01-10 fix edge case [17]
2025-01-10 add sample data [18]
2025-01-10 restructure project [19]
2025-01-10 add example file [20]
2025-01-10 merge branch [21]
2025-01-10 add integration tests [22]
2025-01-10 clean project structure [23]
2025-01-10 better error handling [24]
2025-01-10 add integration tests [25]
2025-01-10 update configs for prod [26]
2025-01-10 change configuration [27]
2025-01-10 initial commit [28]
2025-01-10 update deployment script [29]
2025-01-10 fix typo in code [30]
2025-01-10 update logging [31]
2025-01-10 update API keys [32]
2025-01-10 fix build error [33]
2025-01-10 restructure modules [34]
2025-01-10 refactor code [35]
2025-01-10 better error handling [36]
2025-01-10 improve security [37]
2025-01-10 update documentation [38]
2025-01-10 update README [39]
2025-01-10 fix encoding issue [40]
2025-01-10 update logging [41]
2025-01-11 adjust validation rules [1]
2025-01-11 add fallback [2]
2025-01-11 improve caching [3]
2025-01-11 fix edge case [4]
2025-01-11 UI improvements [5]
2025-01-11 reorganize files [6]
2025-01-11 rollback changes [7]
2025-01-11 adjust validation rules [8]
2025-01-11 fix merge conflicts [9]
2025-01-11 improve caching [10]
2025-01-11 fix config bug [11]
2025-01-11 reduce complexity [12]
2025-01-11 improve logging format [13]
2025-01-11 update feature [14]
2025-01-11 improve performance [15]
2025-01-11 add helper function [16]
2025-01-11 fix UI alignment [17]
2025-01-11 update build script [18]
2025-01-11 fix compatibility [19]
2025-01-11 update schema migration [20]
2025-01-11 add integration tests [21]
2025-01-11 adjust timeout [22]
2025-01-11 update headers [23]
2025-01-11 fix crash issue [24]
2025-01-11 refactor code [25]
2025-01-11 update gitignore [26]
2025-01-11 upgrade dependencies [27]
2025-01-11 fix encoding issue [28]
2025-01-11 small refactor [29]
2025-01-11 add sample data [30]
2025-01-11 update documentation [31]
2025-01-11 improve performance [32]
2025-01-11 enhance logging [33]
2025-01-11 style improvements [34]
2025-01-11 hotfix applied [35]
2025-01-11 improve UX [36]
2025-01-11 fix typo in code [37]
2025-01-11 enhance logging [38]
2025-01-11 restructure project [39]
2025-01-11 minor changes [40]
2025-01-11 upgrade dependencies [41]
2025-01-11 add comments [42]
2025-01-11 cleanup dependencies [43]
2025-01-11 better error handling [44]
2025-01-11 improve performance [45]
2025-01-11 fix typo in docs [46]
2025-01-11 fix async issue [47]
2025-01-11 update CI pipeline [48]
2025-01-11 update version [49]
2025-01-12 reduce complexity [1]
2025-01-12 update roadmap [2]
2025-01-12 fix crash issue [3]
2025-01-12 update API endpoints [4]
2025-01-12 update logging [5]
2025-01-12 update configs [6]
2025-01-12 update API keys [7]
2025-01-12 enhance logging [8]
2025-01-12 remove unused code [9]
2025-01-12 reorganize files [10]
2025-01-12 rollback changes [11]
2025-01-12 update roadmap [12]
2025-01-12 remove legacy code [13]
2025-01-12 improve UX [14]
2025-01-12 refactor code [15]
2025-01-12 cleanup dependencies [16]
2025-01-12 fix encoding issue [17]
2025-01-12 update logging [18]
2025-01-12 add sample data [19]
2025-01-12 update CI pipeline [20]
2025-01-13 add unit tests [1]
2025-01-13 small refactor [2]
2025-01-13 update gitignore [3]
2025-01-13 reorganize files [4]
2025-01-13 improve caching [5]
2025-01-13 initial commit [6]
2025-01-13 stabilize build [7]
2025-01-13 rollback changes [8]
2025-01-13 UI improvements [9]
2025-01-13 add sample data [10]
2025-01-13 update API endpoints [11]
2025-01-13 update comments [12]
2025-01-13 fix timezone issue [13]
2025-01-13 update dependencies [14]
2025-01-13 merge branch [15]
2025-01-13 add helper function [16]
2025-01-13 update API endpoints [17]
2025-01-13 fix warnings [18]
2025-01-13 minor refactor [19]
2025-01-13 fix docker build [20]
2025-01-13 rebuild project [21]
2025-01-13 restructure project [22]
2025-01-13 UI improvements [23]
2025-01-13 add example file [24]
